{"meta": {"format": 3, "version": "7.11.0", "timestamp": "2025-10-21T16:12:59.161106", "branch_coverage": false, "show_contexts": false}, "files": {"src/chuk_mcp_runtime/__init__.py": {"executed_lines": [2, 11, 14, 17, 19], "summary": {"covered_lines": 4, "num_statements": 4, "percent_covered": 100.0, "percent_covered_display": "100", "missing_lines": 0, "excluded_lines": 0}, "missing_lines": [], "excluded_lines": [], "functions": {"": {"executed_lines": [2, 11, 14, 17, 19], "summary": {"covered_lines": 4, "num_statements": 4, "percent_covered": 100.0, "percent_covered_display": "100", "missing_lines": 0, "excluded_lines": 0}, "missing_lines": [], "excluded_lines": []}}, "classes": {"": {"executed_lines": [2, 11, 14, 17, 19], "summary": {"covered_lines": 4, "num_statements": 4, "percent_covered": 100.0, "percent_covered_display": "100", "missing_lines": 0, "excluded_lines": 0}, "missing_lines": [], "excluded_lines": []}}}, "src/chuk_mcp_runtime/common/__init__.py": {"executed_lines": [0], "summary": {"covered_lines": 0, "num_statements": 0, "percent_covered": 100.0, "percent_covered_display": "100", "missing_lines": 0, "excluded_lines": 0}, "missing_lines": [], "excluded_lines": [], "functions": {"": {"executed_lines": [], "summary": {"covered_lines": 0, "num_statements": 0, "percent_covered": 100.0, "percent_covered_display": "100", "missing_lines": 0, "excluded_lines": 0}, "missing_lines": [], "excluded_lines": []}}, "classes": {"": {"executed_lines": [], "summary": {"covered_lines": 0, "num_statements": 0, "percent_covered": 100.0, "percent_covered_display": "100", "missing_lines": 0, "excluded_lines": 0}, "missing_lines": [], "excluded_lines": []}}}, "src/chuk_mcp_runtime/common/errors.py": {"executed_lines": [2, 9, 10, 12, 13, 14, 17, 18, 20, 23, 24, 26, 29, 30, 32, 35, 36, 38, 41, 42, 44], "summary": {"covered_lines": 14, "num_statements": 14, "percent_covered": 100.0, "percent_covered_display": "100", "missing_lines": 0, "excluded_lines": 0}, "missing_lines": [], "excluded_lines": [], "functions": {"ChukMcpRuntimeError.__init__": {"executed_lines": [13, 14], "summary": {"covered_lines": 2, "num_statements": 2, "percent_covered": 100.0, "percent_covered_display": "100", "missing_lines": 0, "excluded_lines": 0}, "missing_lines": [], "excluded_lines": []}, "": {"executed_lines": [2, 9, 10, 12, 17, 18, 20, 23, 24, 26, 29, 30, 32, 35, 36, 38, 41, 42, 44], "summary": {"covered_lines": 12, "num_statements": 12, "percent_covered": 100.0, "percent_covered_display": "100", "missing_lines": 0, "excluded_lines": 0}, "missing_lines": [], "excluded_lines": []}}, "classes": {"ChukMcpRuntimeError": {"executed_lines": [13, 14], "summary": {"covered_lines": 2, "num_statements": 2, "percent_covered": 100.0, "percent_covered_display": "100", "missing_lines": 0, "excluded_lines": 0}, "missing_lines": [], "excluded_lines": []}, "ConfigurationError": {"executed_lines": [], "summary": {"covered_lines": 0, "num_statements": 0, "percent_covered": 100.0, "percent_covered_display": "100", "missing_lines": 0, "excluded_lines": 0}, "missing_lines": [], "excluded_lines": []}, "ImportError": {"executed_lines": [], "summary": {"covered_lines": 0, "num_statements": 0, "percent_covered": 100.0, "percent_covered_display": "100", "missing_lines": 0, "excluded_lines": 0}, "missing_lines": [], "excluded_lines": []}, "ToolExecutionError": {"executed_lines": [], "summary": {"covered_lines": 0, "num_statements": 0, "percent_covered": 100.0, "percent_covered_display": "100", "missing_lines": 0, "excluded_lines": 0}, "missing_lines": [], "excluded_lines": []}, "ServerError": {"executed_lines": [], "summary": {"covered_lines": 0, "num_statements": 0, "percent_covered": 100.0, "percent_covered_display": "100", "missing_lines": 0, "excluded_lines": 0}, "missing_lines": [], "excluded_lines": []}, "ValidationError": {"executed_lines": [], "summary": {"covered_lines": 0, "num_statements": 0, "percent_covered": 100.0, "percent_covered_display": "100", "missing_lines": 0, "excluded_lines": 0}, "missing_lines": [], "excluded_lines": []}, "": {"executed_lines": [2, 9, 10, 12, 17, 18, 20, 23, 24, 26, 29, 30, 32, 35, 36, 38, 41, 42, 44], "summary": {"covered_lines": 12, "num_statements": 12, "percent_covered": 100.0, "percent_covered_display": "100", "missing_lines": 0, "excluded_lines": 0}, "missing_lines": [], "excluded_lines": []}}}, "src/chuk_mcp_runtime/common/mcp_tool_decorator.py": {"executed_lines": [2, 9, 10, 11, 12, 13, 14, 15, 27, 30, 31, 33, 41, 42, 53, 54, 57, 58, 61, 63, 65, 66, 67, 69, 70, 73, 74, 75, 77, 78, 79, 80, 84, 86, 87, 88, 89, 90, 92, 95, 97, 100, 101, 102, 104, 106, 108, 109, 112, 113, 114, 115, 116, 117, 118, 119, 122, 123, 124, 125, 126, 155, 160, 161, 163, 164, 165, 166, 167, 168, 171, 172, 174, 176, 177, 180, 181, 182, 183, 185, 211, 226, 228, 231, 232, 235, 237, 238, 242, 245, 246, 247, 249, 252, 253, 254, 255, 256, 258, 259, 261, 265, 268, 269, 270, 272, 274, 278, 279, 286, 288, 289, 305, 306, 307, 308, 309, 320, 321, 323, 324, 327, 340, 341, 343, 345, 346, 347, 349, 352, 357, 364, 365, 366, 369, 380, 381, 382, 383, 384, 386, 389, 394, 397, 400, 419], "summary": {"covered_lines": 145, "num_statements": 232, "percent_covered": 62.5, "percent_covered_display": "62", "missing_lines": 87, "excluded_lines": 0}, "missing_lines": [34, 35, 36, 43, 45, 46, 47, 48, 49, 81, 82, 129, 130, 131, 132, 133, 134, 135, 136, 137, 140, 142, 143, 144, 145, 146, 147, 148, 149, 152, 187, 188, 189, 191, 192, 193, 195, 196, 199, 200, 202, 205, 206, 208, 229, 239, 240, 275, 290, 291, 292, 293, 294, 295, 296, 302, 310, 311, 312, 318, 407, 408, 409, 410, 411, 416, 431, 433, 434, 435, 436, 442, 443, 444, 445, 448, 449, 450, 451, 452, 453, 459, 460, 461, 462, 463, 467], "excluded_lines": [], "functions": {"_extract_param_descriptions": {"executed_lines": [63, 65, 66, 67, 69, 70, 73, 74, 75, 77, 78, 79, 80, 84, 86, 87, 88, 89, 90, 92], "summary": {"covered_lines": 20, "num_statements": 22, "percent_covered": 90.9090909090909, "percent_covered_display": "91", "missing_lines": 2, "excluded_lines": 0}, "missing_lines": [81, 82], "excluded_lines": []}, "_get_type_schema": {"executed_lines": [97, 100, 101, 102, 104, 106, 108, 109, 112, 113, 114, 115, 116, 117, 118, 119, 122, 123, 124, 125, 126], "summary": {"covered_lines": 21, "num_statements": 40, "percent_covered": 52.5, "percent_covered_display": "52", "missing_lines": 19, "excluded_lines": 0}, "missing_lines": [129, 130, 131, 132, 133, 134, 135, 136, 137, 140, 142, 143, 144, 145, 146, 147, 148, 149, 152], "excluded_lines": []}, "create_input_schema": {"executed_lines": [160, 161, 163, 164, 165, 166, 167, 168, 171, 172, 174, 176, 177, 180, 181, 182, 183, 185], "summary": {"covered_lines": 18, "num_statements": 32, "percent_covered": 56.25, "percent_covered_display": "56", "missing_lines": 14, "excluded_lines": 0}, "missing_lines": [187, 188, 189, 191, 192, 193, 195, 196, 199, 200, 202, 205, 206, 208], "excluded_lines": []}, "mcp_tool": {"executed_lines": [226, 261], "summary": {"covered_lines": 2, "num_statements": 2, "percent_covered": 100.0, "percent_covered_display": "100", "missing_lines": 0, "excluded_lines": 0}, "missing_lines": [], "excluded_lines": []}, "mcp_tool.decorator": {"executed_lines": [228, 231, 232, 235, 237, 238, 242, 245, 246, 247, 249, 252, 253, 254, 255, 256, 258, 259], "summary": {"covered_lines": 18, "num_statements": 19, "percent_covered": 94.73684210526316, "percent_covered_display": "95", "missing_lines": 1, "excluded_lines": 0}, "missing_lines": [229], "excluded_lines": []}, "mcp_tool.decorator.async_gen_wrapper": {"executed_lines": [], "summary": {"covered_lines": 0, "num_statements": 2, "percent_covered": 0.0, "percent_covered_display": "0", "missing_lines": 2, "excluded_lines": 0}, "missing_lines": [239, 240], "excluded_lines": []}, "_initialize_tool": {"executed_lines": [268, 269, 270, 272, 274, 278, 279, 286, 288, 289, 305, 306, 307, 308, 309, 320, 321, 323, 324], "summary": {"covered_lines": 19, "num_statements": 24, "percent_covered": 79.16666666666667, "percent_covered_display": "79", "missing_lines": 5, "excluded_lines": 0}, "missing_lines": [275, 310, 311, 312, 318], "excluded_lines": []}, "_initialize_tool.final_wrapper": {"executed_lines": [], "summary": {"covered_lines": 0, "num_statements": 8, "percent_covered": 0.0, "percent_covered_display": "0", "missing_lines": 8, "excluded_lines": 0}, "missing_lines": [290, 291, 292, 293, 294, 295, 296, 302], "excluded_lines": []}, "ensure_tool_initialized": {"executed_lines": [340, 341, 343, 345, 346, 347, 349], "summary": {"covered_lines": 7, "num_statements": 7, "percent_covered": 100.0, "percent_covered_display": "100", "missing_lines": 0, "excluded_lines": 0}, "missing_lines": [], "excluded_lines": []}, "initialize_tool_registry": {"executed_lines": [357, 364, 365, 366], "summary": {"covered_lines": 4, "num_statements": 4, "percent_covered": 100.0, "percent_covered_display": "100", "missing_lines": 0, "excluded_lines": 0}, "missing_lines": [], "excluded_lines": []}, "get_tool_timeout": {"executed_lines": [380, 381, 382, 383, 384, 386], "summary": {"covered_lines": 6, "num_statements": 6, "percent_covered": 100.0, "percent_covered_display": "100", "missing_lines": 0, "excluded_lines": 0}, "missing_lines": [], "excluded_lines": []}, "execute_tool": {"executed_lines": [394, 397], "summary": {"covered_lines": 2, "num_statements": 2, "percent_covered": 100.0, "percent_covered_display": "100", "missing_lines": 0, "excluded_lines": 0}, "missing_lines": [], "excluded_lines": []}, "scan_for_tools": {"executed_lines": [], "summary": {"covered_lines": 0, "num_statements": 6, "percent_covered": 0.0, "percent_covered_display": "0", "missing_lines": 6, "excluded_lines": 0}, "missing_lines": [407, 408, 409, 410, 411, 416], "excluded_lines": []}, "get_tool_metadata": {"executed_lines": [], "summary": {"covered_lines": 0, "num_statements": 21, "percent_covered": 0.0, "percent_covered_display": "0", "missing_lines": 21, "excluded_lines": 0}, "missing_lines": [431, 433, 434, 435, 436, 442, 443, 444, 445, 448, 449, 450, 451, 452, 453, 459, 460, 461, 462, 463, 467], "excluded_lines": []}, "": {"executed_lines": [2, 9, 10, 11, 12, 13, 14, 15, 27, 30, 31, 33, 41, 42, 53, 54, 57, 58, 61, 95, 155, 211, 265, 327, 352, 369, 389, 400, 419], "summary": {"covered_lines": 28, "num_statements": 37, "percent_covered": 75.67567567567568, "percent_covered_display": "76", "missing_lines": 9, "excluded_lines": 0}, "missing_lines": [34, 35, 36, 43, 45, 46, 47, 48, 49], "excluded_lines": []}}, "classes": {"": {"executed_lines": [2, 9, 10, 11, 12, 13, 14, 15, 27, 30, 31, 33, 41, 42, 53, 54, 57, 58, 61, 63, 65, 66, 67, 69, 70, 73, 74, 75, 77, 78, 79, 80, 84, 86, 87, 88, 89, 90, 92, 95, 97, 100, 101, 102, 104, 106, 108, 109, 112, 113, 114, 115, 116, 117, 118, 119, 122, 123, 124, 125, 126, 155, 160, 161, 163, 164, 165, 166, 167, 168, 171, 172, 174, 176, 177, 180, 181, 182, 183, 185, 211, 226, 228, 231, 232, 235, 237, 238, 242, 245, 246, 247, 249, 252, 253, 254, 255, 256, 258, 259, 261, 265, 268, 269, 270, 272, 274, 278, 279, 286, 288, 289, 305, 306, 307, 308, 309, 320, 321, 323, 324, 327, 340, 341, 343, 345, 346, 347, 349, 352, 357, 364, 365, 366, 369, 380, 381, 382, 383, 384, 386, 389, 394, 397, 400, 419], "summary": {"covered_lines": 145, "num_statements": 232, "percent_covered": 62.5, "percent_covered_display": "62", "missing_lines": 87, "excluded_lines": 0}, "missing_lines": [34, 35, 36, 43, 45, 46, 47, 48, 49, 81, 82, 129, 130, 131, 132, 133, 134, 135, 136, 137, 140, 142, 143, 144, 145, 146, 147, 148, 149, 152, 187, 188, 189, 191, 192, 193, 195, 196, 199, 200, 202, 205, 206, 208, 229, 239, 240, 275, 290, 291, 292, 293, 294, 295, 296, 302, 310, 311, 312, 318, 407, 408, 409, 410, 411, 416, 431, 433, 434, 435, 436, 442, 443, 444, 445, 448, 449, 450, 451, 452, 453, 459, 460, 461, 462, 463, 467], "excluded_lines": []}}}, "src/chuk_mcp_runtime/common/openai_compatibility.py": {"executed_lines": [2, 9, 11, 12, 13, 14, 16, 17, 19, 24, 26, 29, 31, 37, 42, 43, 46, 47, 48, 50, 51, 53, 54, 56, 59, 62, 63, 67, 69, 76, 77, 78, 79, 80, 86, 92, 96, 97, 98, 99, 100, 101, 102, 107, 115, 116, 117, 121, 126, 128, 132, 133, 135, 136, 137, 138, 139, 141, 143, 144, 145, 146, 147, 148, 149, 152, 155, 157, 158, 160, 162, 163, 165, 166, 167, 170, 171, 173, 174, 176, 235, 237, 240, 249, 252, 253, 257, 258, 259, 260, 261, 262, 265, 266, 267, 270, 271, 274, 275, 276, 278, 279, 281, 283, 285, 287, 289, 290, 292, 303, 306, 308, 309, 310, 313, 322, 325, 327, 328, 329, 333, 336, 338, 339, 340], "summary": {"covered_lines": 123, "num_statements": 167, "percent_covered": 73.65269461077844, "percent_covered_display": "74", "missing_lines": 44, "excluded_lines": 0}, "missing_lines": [65, 104, 105, 108, 159, 161, 164, 178, 179, 182, 183, 185, 186, 188, 190, 191, 193, 195, 196, 197, 198, 199, 200, 203, 204, 205, 206, 213, 220, 223, 224, 225, 229, 230, 231, 232, 254, 280, 282, 315, 316, 317, 318, 319], "excluded_lines": [], "functions": {"to_openai_compatible_name": {"executed_lines": [26], "summary": {"covered_lines": 1, "num_statements": 1, "percent_covered": 100.0, "percent_covered_display": "100", "missing_lines": 0, "excluded_lines": 0}, "missing_lines": [], "excluded_lines": []}, "from_openai_compatible_name": {"executed_lines": [31], "summary": {"covered_lines": 1, "num_statements": 1, "percent_covered": 100.0, "percent_covered_display": "100", "missing_lines": 0, "excluded_lines": 0}, "missing_lines": [], "excluded_lines": []}, "_build_wrapper_from_schema": {"executed_lines": [42, 43, 46, 47, 48, 50, 51, 53, 54, 56, 59, 62, 63, 67, 69, 76, 77, 78, 79, 80], "summary": {"covered_lines": 20, "num_statements": 21, "percent_covered": 95.23809523809524, "percent_covered_display": "95", "missing_lines": 1, "excluded_lines": 0}, "missing_lines": [65], "excluded_lines": []}, "create_openai_compatible_wrapper": {"executed_lines": [92, 96, 97, 98, 99, 100, 101, 102, 107, 115, 116, 117, 121, 126, 128], "summary": {"covered_lines": 15, "num_statements": 18, "percent_covered": 83.33333333333333, "percent_covered_display": "83", "missing_lines": 3, "excluded_lines": 0}, "missing_lines": [104, 105, 108], "excluded_lines": []}, "OpenAIToolsAdapter.__init__": {"executed_lines": [136, 137, 138, 139], "summary": {"covered_lines": 4, "num_statements": 4, "percent_covered": 100.0, "percent_covered_display": "100", "missing_lines": 0, "excluded_lines": 0}, "missing_lines": [], "excluded_lines": []}, "OpenAIToolsAdapter._build_maps": {"executed_lines": [143, 144, 145, 146, 147, 148, 149], "summary": {"covered_lines": 7, "num_statements": 7, "percent_covered": 100.0, "percent_covered_display": "100", "missing_lines": 0, "excluded_lines": 0}, "missing_lines": [], "excluded_lines": []}, "OpenAIToolsAdapter.register_openai_compatible_wrappers": {"executed_lines": [155, 157, 158, 160, 162, 163, 165, 166, 167, 170, 171, 173, 174, 176, 235, 237], "summary": {"covered_lines": 16, "num_statements": 43, "percent_covered": 37.2093023255814, "percent_covered_display": "37", "missing_lines": 27, "excluded_lines": 0}, "missing_lines": [159, 161, 164, 178, 179, 182, 183, 185, 186, 188, 190, 191, 193, 195, 203, 204, 205, 206, 213, 220, 223, 224, 225, 229, 230, 231, 232], "excluded_lines": []}, "OpenAIToolsAdapter.register_openai_compatible_wrappers.execute_wrapper": {"executed_lines": [], "summary": {"covered_lines": 0, "num_statements": 5, "percent_covered": 0.0, "percent_covered_display": "0", "missing_lines": 5, "excluded_lines": 0}, "missing_lines": [196, 197, 198, 199, 200], "excluded_lines": []}, "OpenAIToolsAdapter.get_openai_tools_definition": {"executed_lines": [249, 252, 253, 257, 258, 259, 260, 261, 262, 265, 266, 267, 270, 271, 274, 285, 287, 289, 290, 292, 303], "summary": {"covered_lines": 21, "num_statements": 22, "percent_covered": 95.45454545454545, "percent_covered_display": "95", "missing_lines": 1, "excluded_lines": 0}, "missing_lines": [254], "excluded_lines": []}, "OpenAIToolsAdapter.get_openai_tools_definition.sort_key": {"executed_lines": [275, 276, 278, 279, 281, 283], "summary": {"covered_lines": 6, "num_statements": 8, "percent_covered": 75.0, "percent_covered_display": "75", "missing_lines": 2, "excluded_lines": 0}, "missing_lines": [280, 282], "excluded_lines": []}, "OpenAIToolsAdapter.execute_tool": {"executed_lines": [308, 309, 310, 313, 322], "summary": {"covered_lines": 5, "num_statements": 10, "percent_covered": 50.0, "percent_covered_display": "50", "missing_lines": 5, "excluded_lines": 0}, "missing_lines": [315, 316, 317, 318, 319], "excluded_lines": []}, "OpenAIToolsAdapter.translate_name": {"executed_lines": [327, 328, 329], "summary": {"covered_lines": 3, "num_statements": 3, "percent_covered": 100.0, "percent_covered_display": "100", "missing_lines": 0, "excluded_lines": 0}, "missing_lines": [], "excluded_lines": []}, "initialize_openai_compatibility": {"executed_lines": [338, 339, 340], "summary": {"covered_lines": 3, "num_statements": 3, "percent_covered": 100.0, "percent_covered_display": "100", "missing_lines": 0, "excluded_lines": 0}, "missing_lines": [], "excluded_lines": []}, "": {"executed_lines": [2, 9, 11, 12, 13, 14, 16, 17, 19, 24, 29, 37, 86, 132, 133, 135, 141, 152, 240, 306, 325, 333, 336], "summary": {"covered_lines": 21, "num_statements": 21, "percent_covered": 100.0, "percent_covered_display": "100", "missing_lines": 0, "excluded_lines": 0}, "missing_lines": [], "excluded_lines": []}}, "classes": {"OpenAIToolsAdapter": {"executed_lines": [136, 137, 138, 139, 143, 144, 145, 146, 147, 148, 149, 155, 157, 158, 160, 162, 163, 165, 166, 167, 170, 171, 173, 174, 176, 235, 237, 249, 252, 253, 257, 258, 259, 260, 261, 262, 265, 266, 267, 270, 271, 274, 275, 276, 278, 279, 281, 283, 285, 287, 289, 290, 292, 303, 308, 309, 310, 313, 322, 327, 328, 329], "summary": {"covered_lines": 62, "num_statements": 102, "percent_covered": 60.78431372549019, "percent_covered_display": "61", "missing_lines": 40, "excluded_lines": 0}, "missing_lines": [159, 161, 164, 178, 179, 182, 183, 185, 186, 188, 190, 191, 193, 195, 196, 197, 198, 199, 200, 203, 204, 205, 206, 213, 220, 223, 224, 225, 229, 230, 231, 232, 254, 280, 282, 315, 316, 317, 318, 319], "excluded_lines": []}, "": {"executed_lines": [2, 9, 11, 12, 13, 14, 16, 17, 19, 24, 26, 29, 31, 37, 42, 43, 46, 47, 48, 50, 51, 53, 54, 56, 59, 62, 63, 67, 69, 76, 77, 78, 79, 80, 86, 92, 96, 97, 98, 99, 100, 101, 102, 107, 115, 116, 117, 121, 126, 128, 132, 133, 135, 141, 152, 240, 306, 325, 333, 336, 338, 339, 340], "summary": {"covered_lines": 61, "num_statements": 65, "percent_covered": 93.84615384615384, "percent_covered_display": "94", "missing_lines": 4, "excluded_lines": 0}, "missing_lines": [65, 104, 105, 108], "excluded_lines": []}}}, "src/chuk_mcp_runtime/common/tool_naming.py": {"executed_lines": [2, 10, 12, 13, 15, 18, 19, 24, 26, 27, 28, 30, 33, 34, 37, 39, 41, 43, 46, 48, 54, 55, 58, 60, 61, 62, 63, 65, 66, 68, 70, 81, 82, 85, 87, 88, 89, 90, 93, 94, 95, 98, 112, 114, 115, 116, 117, 120, 121, 122, 125, 127, 128, 130, 133, 136, 140, 143, 153, 156, 158], "summary": {"covered_lines": 59, "num_statements": 68, "percent_covered": 86.76470588235294, "percent_covered_display": "87", "missing_lines": 9, "excluded_lines": 0}, "missing_lines": [99, 100, 101, 102, 103, 104, 107, 108, 109], "excluded_lines": [], "functions": {"ToolNamingResolver.__init__": {"executed_lines": [26, 27, 28], "summary": {"covered_lines": 3, "num_statements": 3, "percent_covered": 100.0, "percent_covered_display": "100", "missing_lines": 0, "excluded_lines": 0}, "missing_lines": [], "excluded_lines": []}, "ToolNamingResolver.update_maps": {"executed_lines": [33, 34, 37, 39, 41, 43, 46, 48, 54, 55, 58, 60, 61, 62, 63, 65, 66, 68], "summary": {"covered_lines": 18, "num_statements": 18, "percent_covered": 100.0, "percent_covered_display": "100", "missing_lines": 0, "excluded_lines": 0}, "missing_lines": [], "excluded_lines": []}, "ToolNamingResolver.resolve_tool_name": {"executed_lines": [81, 82, 85, 87, 88, 89, 90, 93, 94, 95, 98, 112, 114, 115, 116, 117, 120, 121, 122, 125, 127, 128, 130, 133, 136], "summary": {"covered_lines": 25, "num_statements": 34, "percent_covered": 73.52941176470588, "percent_covered_display": "74", "missing_lines": 9, "excluded_lines": 0}, "missing_lines": [99, 100, 101, 102, 103, 104, 107, 108, 109], "excluded_lines": []}, "resolve_tool_name": {"executed_lines": [153], "summary": {"covered_lines": 1, "num_statements": 1, "percent_covered": 100.0, "percent_covered_display": "100", "missing_lines": 0, "excluded_lines": 0}, "missing_lines": [], "excluded_lines": []}, "update_naming_maps": {"executed_lines": [158], "summary": {"covered_lines": 1, "num_statements": 1, "percent_covered": 100.0, "percent_covered_display": "100", "missing_lines": 0, "excluded_lines": 0}, "missing_lines": [], "excluded_lines": []}, "": {"executed_lines": [2, 10, 12, 13, 15, 18, 19, 24, 30, 70, 140, 143, 156], "summary": {"covered_lines": 11, "num_statements": 11, "percent_covered": 100.0, "percent_covered_display": "100", "missing_lines": 0, "excluded_lines": 0}, "missing_lines": [], "excluded_lines": []}}, "classes": {"ToolNamingResolver": {"executed_lines": [26, 27, 28, 33, 34, 37, 39, 41, 43, 46, 48, 54, 55, 58, 60, 61, 62, 63, 65, 66, 68, 81, 82, 85, 87, 88, 89, 90, 93, 94, 95, 98, 112, 114, 115, 116, 117, 120, 121, 122, 125, 127, 128, 130, 133, 136], "summary": {"covered_lines": 46, "num_statements": 55, "percent_covered": 83.63636363636364, "percent_covered_display": "84", "missing_lines": 9, "excluded_lines": 0}, "missing_lines": [99, 100, 101, 102, 103, 104, 107, 108, 109], "excluded_lines": []}, "": {"executed_lines": [2, 10, 12, 13, 15, 18, 19, 24, 30, 70, 140, 143, 153, 156, 158], "summary": {"covered_lines": 13, "num_statements": 13, "percent_covered": 100.0, "percent_covered_display": "100", "missing_lines": 0, "excluded_lines": 0}, "missing_lines": [], "excluded_lines": []}}}, "src/chuk_mcp_runtime/common/verify_credentials.py": {"executed_lines": [2, 12, 14, 15, 17, 18, 19, 20, 21, 26, 27, 30, 31, 38, 44, 53, 54, 61, 62, 64, 66, 72, 74], "summary": {"covered_lines": 22, "num_statements": 22, "percent_covered": 100.0, "percent_covered_display": "100", "missing_lines": 0, "excluded_lines": 0}, "missing_lines": [], "excluded_lines": [], "functions": {"validate_token": {"executed_lines": [53, 54, 61, 62, 64, 66, 72, 74], "summary": {"covered_lines": 8, "num_statements": 8, "percent_covered": 100.0, "percent_covered_display": "100", "missing_lines": 0, "excluded_lines": 0}, "missing_lines": [], "excluded_lines": []}, "": {"executed_lines": [2, 12, 14, 15, 17, 18, 19, 20, 21, 26, 27, 30, 31, 38, 44], "summary": {"covered_lines": 14, "num_statements": 14, "percent_covered": 100.0, "percent_covered_display": "100", "missing_lines": 0, "excluded_lines": 0}, "missing_lines": [], "excluded_lines": []}}, "classes": {"": {"executed_lines": [2, 12, 14, 15, 17, 18, 19, 20, 21, 26, 27, 30, 31, 38, 44, 53, 54, 61, 62, 64, 66, 72, 74], "summary": {"covered_lines": 22, "num_statements": 22, "percent_covered": 100.0, "percent_covered_display": "100", "missing_lines": 0, "excluded_lines": 0}, "missing_lines": [], "excluded_lines": []}}}, "src/chuk_mcp_runtime/entry.py": {"executed_lines": [2, 7, 9, 10, 11, 12, 13, 15, 17, 19, 23, 26, 27, 28, 29, 30, 31, 34, 40, 45, 48, 50, 54, 73, 81, 82, 83, 84, 87, 88, 91, 92, 95, 98, 99, 103, 104, 106, 107, 110, 111, 112, 113, 120, 121, 122, 123, 124, 125, 126, 132, 133, 139, 140, 145, 147, 148, 151, 152, 153, 158, 159, 160, 161, 166, 167, 169, 176, 179, 180, 183, 184, 185, 189, 195, 196, 203, 204, 211, 213, 215, 216, 223, 227, 228, 229, 232, 234, 235, 236, 238, 244], "summary": {"covered_lines": 90, "num_statements": 122, "percent_covered": 73.77049180327869, "percent_covered_display": "74", "missing_lines": 32, "excluded_lines": 2}, "missing_lines": [56, 58, 59, 61, 62, 63, 64, 65, 66, 67, 69, 115, 116, 117, 127, 128, 129, 154, 155, 162, 163, 170, 171, 172, 173, 174, 205, 206, 207, 237, 239, 240], "excluded_lines": [244, 245], "functions": {"_need_proxy": {"executed_lines": [50], "summary": {"covered_lines": 1, "num_statements": 1, "percent_covered": 100.0, "percent_covered_display": "100", "missing_lines": 0, "excluded_lines": 0}, "missing_lines": [], "excluded_lines": []}, "_iter_tools": {"executed_lines": [], "summary": {"covered_lines": 0, "num_statements": 11, "percent_covered": 0.0, "percent_covered_display": "0", "missing_lines": 11, "excluded_lines": 0}, "missing_lines": [56, 58, 59, 61, 62, 63, 64, 65, 66, 67, 69], "excluded_lines": []}, "run_runtime_async": {"executed_lines": [81, 82, 83, 84, 87, 88, 91, 92, 95, 98, 99, 103, 104, 106, 107, 110, 111, 112, 113, 120, 121, 122, 123, 124, 125, 126, 132, 133, 139, 140, 145, 147, 148, 151, 152, 153, 158, 159, 160, 161, 166, 167, 169, 176, 179, 180, 183, 184, 185], "summary": {"covered_lines": 49, "num_statements": 59, "percent_covered": 83.05084745762711, "percent_covered_display": "83", "missing_lines": 10, "excluded_lines": 0}, "missing_lines": [115, 116, 117, 127, 128, 129, 154, 155, 162, 163], "excluded_lines": []}, "run_runtime_async._handle_proxy_text": {"executed_lines": [], "summary": {"covered_lines": 0, "num_statements": 5, "percent_covered": 0.0, "percent_covered_display": "0", "missing_lines": 5, "excluded_lines": 0}, "missing_lines": [170, 171, 172, 173, 174], "excluded_lines": []}, "run_runtime": {"executed_lines": [195, 196, 203, 204], "summary": {"covered_lines": 4, "num_statements": 7, "percent_covered": 57.142857142857146, "percent_covered_display": "57", "missing_lines": 3, "excluded_lines": 0}, "missing_lines": [205, 206, 207], "excluded_lines": []}, "main_async": {"executed_lines": [213, 215, 216, 223, 227, 228, 229], "summary": {"covered_lines": 7, "num_statements": 7, "percent_covered": 100.0, "percent_covered_display": "100", "missing_lines": 0, "excluded_lines": 0}, "missing_lines": [], "excluded_lines": []}, "main": {"executed_lines": [234, 235, 236, 238], "summary": {"covered_lines": 4, "num_statements": 7, "percent_covered": 57.142857142857146, "percent_covered_display": "57", "missing_lines": 3, "excluded_lines": 0}, "missing_lines": [237, 239, 240], "excluded_lines": []}, "": {"executed_lines": [2, 7, 9, 10, 11, 12, 13, 15, 17, 19, 23, 26, 27, 28, 29, 30, 31, 34, 40, 45, 48, 54, 73, 189, 211, 232, 244], "summary": {"covered_lines": 25, "num_statements": 25, "percent_covered": 100.0, "percent_covered_display": "100", "missing_lines": 0, "excluded_lines": 2}, "missing_lines": [], "excluded_lines": [244, 245]}}, "classes": {"": {"executed_lines": [2, 7, 9, 10, 11, 12, 13, 15, 17, 19, 23, 26, 27, 28, 29, 30, 31, 34, 40, 45, 48, 50, 54, 73, 81, 82, 83, 84, 87, 88, 91, 92, 95, 98, 99, 103, 104, 106, 107, 110, 111, 112, 113, 120, 121, 122, 123, 124, 125, 126, 132, 133, 139, 140, 145, 147, 148, 151, 152, 153, 158, 159, 160, 161, 166, 167, 169, 176, 179, 180, 183, 184, 185, 189, 195, 196, 203, 204, 211, 213, 215, 216, 223, 227, 228, 229, 232, 234, 235, 236, 238, 244], "summary": {"covered_lines": 90, "num_statements": 122, "percent_covered": 73.77049180327869, "percent_covered_display": "74", "missing_lines": 32, "excluded_lines": 2}, "missing_lines": [56, 58, 59, 61, 62, 63, 64, 65, 66, 67, 69, 115, 116, 117, 127, 128, 129, 154, 155, 162, 163, 170, 171, 172, 173, 174, 205, 206, 207, 237, 239, 240], "excluded_lines": [244, 245]}}}, "src/chuk_mcp_runtime/proxy/__init__.py": {"executed_lines": [2, 9, 11], "summary": {"covered_lines": 2, "num_statements": 2, "percent_covered": 100.0, "percent_covered_display": "100", "missing_lines": 0, "excluded_lines": 0}, "missing_lines": [], "excluded_lines": [], "functions": {"": {"executed_lines": [2, 9, 11], "summary": {"covered_lines": 2, "num_statements": 2, "percent_covered": 100.0, "percent_covered_display": "100", "missing_lines": 0, "excluded_lines": 0}, "missing_lines": [], "excluded_lines": []}}, "classes": {"": {"executed_lines": [2, 9, 11], "summary": {"covered_lines": 2, "num_statements": 2, "percent_covered": 100.0, "percent_covered_display": "100", "missing_lines": 0, "excluded_lines": 0}, "missing_lines": [], "excluded_lines": []}}}, "src/chuk_mcp_runtime/proxy/tool_wrapper.py": {"executed_lines": [2, 17, 19, 21, 22, 24, 25, 29, 33, 35, 38, 51, 54, 56, 62, 68, 75, 76, 77, 78, 83, 84, 89, 90, 95, 96, 97, 100, 101, 104, 105, 106, 114], "summary": {"covered_lines": 32, "num_statements": 37, "percent_covered": 86.48648648648648, "percent_covered_display": "86", "missing_lines": 5, "excluded_lines": 0}, "missing_lines": [26, 27, 52, 63, 64], "excluded_lines": [], "functions": {"_meta_get": {"executed_lines": [35], "summary": {"covered_lines": 1, "num_statements": 1, "percent_covered": 100.0, "percent_covered_display": "100", "missing_lines": 0, "excluded_lines": 0}, "missing_lines": [], "excluded_lines": []}, "_tp_register": {"executed_lines": [51, 54, 56, 62], "summary": {"covered_lines": 4, "num_statements": 7, "percent_covered": 57.142857142857146, "percent_covered_display": "57", "missing_lines": 3, "excluded_lines": 0}, "missing_lines": [52, 63, 64], "excluded_lines": []}, "create_proxy_tool": {"executed_lines": [75, 76, 77, 78, 83, 84, 100, 101, 104, 105, 106, 114], "summary": {"covered_lines": 12, "num_statements": 12, "percent_covered": 100.0, "percent_covered_display": "100", "missing_lines": 0, "excluded_lines": 0}, "missing_lines": [], "excluded_lines": []}, "create_proxy_tool._proxy_wrapper": {"executed_lines": [89, 90, 95, 96, 97], "summary": {"covered_lines": 5, "num_statements": 5, "percent_covered": 100.0, "percent_covered_display": "100", "missing_lines": 0, "excluded_lines": 0}, "missing_lines": [], "excluded_lines": []}, "": {"executed_lines": [2, 17, 19, 21, 22, 24, 25, 29, 33, 38, 68], "summary": {"covered_lines": 10, "num_statements": 12, "percent_covered": 83.33333333333333, "percent_covered_display": "83", "missing_lines": 2, "excluded_lines": 0}, "missing_lines": [26, 27], "excluded_lines": []}}, "classes": {"": {"executed_lines": [2, 17, 19, 21, 22, 24, 25, 29, 33, 35, 38, 51, 54, 56, 62, 68, 75, 76, 77, 78, 83, 84, 89, 90, 95, 96, 97, 100, 101, 104, 105, 106, 114], "summary": {"covered_lines": 32, "num_statements": 37, "percent_covered": 86.48648648648648, "percent_covered_display": "86", "missing_lines": 5, "excluded_lines": 0}, "missing_lines": [26, 27, 52, 63, 64], "excluded_lines": []}}}, "src/chuk_mcp_runtime/server/__init__.py": {"executed_lines": [0], "summary": {"covered_lines": 0, "num_statements": 0, "percent_covered": 100.0, "percent_covered_display": "100", "missing_lines": 0, "excluded_lines": 0}, "missing_lines": [], "excluded_lines": [], "functions": {"": {"executed_lines": [], "summary": {"covered_lines": 0, "num_statements": 0, "percent_covered": 100.0, "percent_covered_display": "100", "missing_lines": 0, "excluded_lines": 0}, "missing_lines": [], "excluded_lines": []}}, "classes": {"": {"executed_lines": [], "summary": {"covered_lines": 0, "num_statements": 0, "percent_covered": 100.0, "percent_covered_display": "100", "missing_lines": 0, "excluded_lines": 0}, "missing_lines": [], "excluded_lines": []}}}, "src/chuk_mcp_runtime/server/config_loader.py": {"executed_lines": [2, 9, 10, 11, 12, 14, 17, 20, 21, 22, 23, 26, 27, 28, 52, 53, 58, 59, 61, 63, 64, 65, 66, 67, 70, 77, 80, 81, 83, 84, 86, 88, 91, 102, 105, 108, 111, 112, 114, 116, 117, 120, 121, 124, 125, 132, 144, 145, 147, 148, 149, 151, 153], "summary": {"covered_lines": 52, "num_statements": 59, "percent_covered": 88.13559322033899, "percent_covered_display": "88", "missing_lines": 7, "excluded_lines": 0}, "missing_lines": [71, 72, 74, 103, 122, 128, 129], "excluded_lines": [], "functions": {"load_config": {"executed_lines": [27, 28, 52, 53, 58, 59, 61, 63, 64, 65, 66, 67, 70, 77, 80, 81, 83, 84, 86, 88], "summary": {"covered_lines": 20, "num_statements": 23, "percent_covered": 86.95652173913044, "percent_covered_display": "87", "missing_lines": 3, "excluded_lines": 0}, "missing_lines": [71, 72, 74], "excluded_lines": []}, "find_project_root": {"executed_lines": [102, 105, 108, 111, 112, 114, 116, 117, 120, 121, 124, 125], "summary": {"covered_lines": 12, "num_statements": 16, "percent_covered": 75.0, "percent_covered_display": "75", "missing_lines": 4, "excluded_lines": 0}, "missing_lines": [103, 122, 128, 129], "excluded_lines": []}, "get_config_value": {"executed_lines": [144, 145, 147, 148, 149, 151, 153], "summary": {"covered_lines": 7, "num_statements": 7, "percent_covered": 100.0, "percent_covered_display": "100", "missing_lines": 0, "excluded_lines": 0}, "missing_lines": [], "excluded_lines": []}, "": {"executed_lines": [2, 9, 10, 11, 12, 14, 17, 20, 21, 22, 23, 26, 91, 132], "summary": {"covered_lines": 13, "num_statements": 13, "percent_covered": 100.0, "percent_covered_display": "100", "missing_lines": 0, "excluded_lines": 0}, "missing_lines": [], "excluded_lines": []}}, "classes": {"": {"executed_lines": [2, 9, 10, 11, 12, 14, 17, 20, 21, 22, 23, 26, 27, 28, 52, 53, 58, 59, 61, 63, 64, 65, 66, 67, 70, 77, 80, 81, 83, 84, 86, 88, 91, 102, 105, 108, 111, 112, 114, 116, 117, 120, 121, 124, 125, 132, 144, 145, 147, 148, 149, 151, 153], "summary": {"covered_lines": 52, "num_statements": 59, "percent_covered": 88.13559322033899, "percent_covered_display": "88", "missing_lines": 7, "excluded_lines": 0}, "missing_lines": [71, 72, 74, 103, 122, 128, 129], "excluded_lines": []}}}, "src/chuk_mcp_runtime/server/logging_config.py": {"executed_lines": [1, 8, 9, 10, 11, 12, 15, 23, 26, 27, 30, 31, 34, 35, 36, 39, 41, 44, 47, 48, 50, 53, 54, 55, 58, 61, 62, 71, 83, 92, 93, 96, 97, 100, 103, 107], "summary": {"covered_lines": 35, "num_statements": 45, "percent_covered": 77.77777777777777, "percent_covered_display": "78", "missing_lines": 10, "excluded_lines": 0}, "missing_lines": [63, 64, 65, 66, 68, 84, 86, 87, 88, 89], "excluded_lines": [], "functions": {"configure_logging": {"executed_lines": [23, 26, 27, 30, 31, 34, 35, 36, 39, 41, 44, 47, 48, 50, 53, 54, 55, 58, 61, 62], "summary": {"covered_lines": 20, "num_statements": 25, "percent_covered": 80.0, "percent_covered_display": "80", "missing_lines": 5, "excluded_lines": 0}, "missing_lines": [63, 64, 65, 66, 68], "excluded_lines": []}, "get_logger": {"executed_lines": [83, 92, 93, 96, 97, 100, 103], "summary": {"covered_lines": 7, "num_statements": 12, "percent_covered": 58.333333333333336, "percent_covered_display": "58", "missing_lines": 5, "excluded_lines": 0}, "missing_lines": [84, 86, 87, 88, 89], "excluded_lines": []}, "": {"executed_lines": [1, 8, 9, 10, 11, 12, 15, 71, 107], "summary": {"covered_lines": 8, "num_statements": 8, "percent_covered": 100.0, "percent_covered_display": "100", "missing_lines": 0, "excluded_lines": 0}, "missing_lines": [], "excluded_lines": []}}, "classes": {"": {"executed_lines": [1, 8, 9, 10, 11, 12, 15, 23, 26, 27, 30, 31, 34, 35, 36, 39, 41, 44, 47, 48, 50, 53, 54, 55, 58, 61, 62, 71, 83, 92, 93, 96, 97, 100, 103, 107], "summary": {"covered_lines": 35, "num_statements": 45, "percent_covered": 77.77777777777777, "percent_covered_display": "78", "missing_lines": 10, "excluded_lines": 0}, "missing_lines": [63, 64, 65, 66, 68, 84, 86, 87, 88, 89], "excluded_lines": []}}}, "src/chuk_mcp_runtime/server/request_context.py": {"executed_lines": [2, 9, 11, 12, 14, 16, 19, 25, 26, 33, 47, 48, 49, 51, 72, 73, 74, 76, 77, 78, 80, 81, 87, 88, 89, 93, 105, 108, 118, 121, 151, 152, 153, 154, 156, 160, 161, 170, 176, 181, 183, 185, 186, 187, 188, 190, 192, 193, 194], "summary": {"covered_lines": 46, "num_statements": 46, "percent_covered": 100.0, "percent_covered_display": "100", "missing_lines": 0, "excluded_lines": 0}, "missing_lines": [], "excluded_lines": [], "functions": {"MCPRequestContext.__init__": {"executed_lines": [47, 48, 49], "summary": {"covered_lines": 3, "num_statements": 3, "percent_covered": 100.0, "percent_covered_display": "100", "missing_lines": 0, "excluded_lines": 0}, "missing_lines": [], "excluded_lines": []}, "MCPRequestContext.send_progress": {"executed_lines": [72, 73, 74, 76, 77, 78, 80, 81, 87, 88, 89], "summary": {"covered_lines": 11, "num_statements": 11, "percent_covered": 100.0, "percent_covered_display": "100", "missing_lines": 0, "excluded_lines": 0}, "missing_lines": [], "excluded_lines": []}, "get_request_context": {"executed_lines": [105], "summary": {"covered_lines": 1, "num_statements": 1, "percent_covered": 100.0, "percent_covered_display": "100", "missing_lines": 0, "excluded_lines": 0}, "missing_lines": [], "excluded_lines": []}, "set_request_context": {"executed_lines": [118], "summary": {"covered_lines": 1, "num_statements": 1, "percent_covered": 100.0, "percent_covered_display": "100", "missing_lines": 0, "excluded_lines": 0}, "missing_lines": [], "excluded_lines": []}, "send_progress": {"executed_lines": [151, 152, 153, 154, 156], "summary": {"covered_lines": 5, "num_statements": 5, "percent_covered": 100.0, "percent_covered_display": "100", "missing_lines": 0, "excluded_lines": 0}, "missing_lines": [], "excluded_lines": []}, "RequestContext.__init__": {"executed_lines": [176, 181], "summary": {"covered_lines": 2, "num_statements": 2, "percent_covered": 100.0, "percent_covered_display": "100", "missing_lines": 0, "excluded_lines": 0}, "missing_lines": [], "excluded_lines": []}, "RequestContext.__aenter__": {"executed_lines": [185, 186, 187, 188], "summary": {"covered_lines": 4, "num_statements": 4, "percent_covered": 100.0, "percent_covered_display": "100", "missing_lines": 0, "excluded_lines": 0}, "missing_lines": [], "excluded_lines": []}, "RequestContext.__aexit__": {"executed_lines": [192, 193, 194], "summary": {"covered_lines": 3, "num_statements": 3, "percent_covered": 100.0, "percent_covered_display": "100", "missing_lines": 0, "excluded_lines": 0}, "missing_lines": [], "excluded_lines": []}, "": {"executed_lines": [2, 9, 11, 12, 14, 16, 19, 25, 26, 33, 51, 93, 108, 121, 160, 161, 170, 183, 190], "summary": {"covered_lines": 16, "num_statements": 16, "percent_covered": 100.0, "percent_covered_display": "100", "missing_lines": 0, "excluded_lines": 0}, "missing_lines": [], "excluded_lines": []}}, "classes": {"MCPRequestContext": {"executed_lines": [47, 48, 49, 72, 73, 74, 76, 77, 78, 80, 81, 87, 88, 89], "summary": {"covered_lines": 14, "num_statements": 14, "percent_covered": 100.0, "percent_covered_display": "100", "missing_lines": 0, "excluded_lines": 0}, "missing_lines": [], "excluded_lines": []}, "RequestContext": {"executed_lines": [176, 181, 185, 186, 187, 188, 192, 193, 194], "summary": {"covered_lines": 9, "num_statements": 9, "percent_covered": 100.0, "percent_covered_display": "100", "missing_lines": 0, "excluded_lines": 0}, "missing_lines": [], "excluded_lines": []}, "": {"executed_lines": [2, 9, 11, 12, 14, 16, 19, 25, 26, 33, 51, 93, 105, 108, 118, 121, 151, 152, 153, 154, 156, 160, 161, 170, 183, 190], "summary": {"covered_lines": 23, "num_statements": 23, "percent_covered": 100.0, "percent_covered_display": "100", "missing_lines": 0, "excluded_lines": 0}, "missing_lines": [], "excluded_lines": []}}}, "src/chuk_mcp_runtime/server/server.py": {"executed_lines": [2, 13, 15, 16, 17, 18, 19, 20, 21, 22, 23, 28, 30, 33, 34, 35, 36, 37, 38, 39, 40, 41, 42, 43, 44, 45, 47, 51, 52, 53, 54, 55, 59, 71, 78, 79, 82, 83, 86, 88, 89, 91, 92, 95, 96, 99, 101, 102, 104, 105, 107, 110, 111, 112, 113, 118, 124, 133, 134, 136, 146, 202, 211, 212, 214, 219, 220, 222, 223, 226, 229, 232, 233, 235, 237, 239, 246, 247, 248, 249, 254, 256, 257, 258, 259, 262, 263, 270, 272, 273, 276, 277, 278, 285, 304, 306, 308, 317, 320, 337, 338, 339, 340, 343, 345, 347, 350, 351, 353, 356, 357, 393, 394, 398, 400, 401, 402, 403, 405, 413, 416, 417, 418, 423, 426, 427, 429, 430, 433, 434, 435, 437, 445, 454, 457, 462, 468, 470, 471, 474, 528, 531, 532, 535, 548, 552, 555, 557, 558, 559, 564, 565, 567, 568, 569, 570, 686, 694, 699, 703, 709, 713], "summary": {"covered_lines": 159, "num_statements": 329, "percent_covered": 48.328267477203646, "percent_covered_display": "48", "missing_lines": 170, "excluded_lines": 0}, "missing_lines": [94, 116, 119, 121, 127, 142, 143, 144, 148, 149, 150, 152, 153, 156, 157, 158, 161, 162, 165, 166, 167, 168, 169, 172, 173, 174, 175, 176, 179, 180, 183, 185, 186, 187, 188, 189, 192, 195, 250, 251, 252, 280, 281, 282, 283, 287, 290, 292, 293, 294, 295, 296, 297, 298, 299, 301, 302, 321, 322, 324, 326, 327, 328, 329, 330, 332, 334, 341, 348, 359, 360, 362, 363, 364, 365, 366, 369, 370, 371, 373, 379, 381, 382, 383, 385, 386, 388, 389, 390, 406, 424, 439, 440, 442, 475, 480, 481, 483, 484, 485, 486, 492, 493, 494, 495, 496, 497, 501, 508, 519, 520, 525, 540, 541, 551, 553, 572, 573, 574, 575, 580, 582, 583, 586, 587, 589, 590, 592, 606, 612, 616, 617, 620, 621, 622, 623, 624, 625, 627, 630, 637, 640, 641, 643, 644, 646, 647, 648, 649, 650, 651, 653, 655, 670, 676, 680, 688, 689, 690, 691, 692, 696, 701, 707, 711, 715, 716, 717, 718, 719], "excluded_lines": [], "functions": {"parse_tool_arguments": {"executed_lines": [78, 79, 82, 83, 86, 88, 89, 91, 92, 95, 96, 99, 101, 102, 104, 105, 107, 110, 111, 112, 113, 118, 124], "summary": {"covered_lines": 23, "num_statements": 28, "percent_covered": 82.14285714285714, "percent_covered_display": "82", "missing_lines": 5, "excluded_lines": 0}, "missing_lines": [94, 116, 119, 121, 127], "excluded_lines": []}, "AuthMiddleware.__init__": {"executed_lines": [], "summary": {"covered_lines": 0, "num_statements": 3, "percent_covered": 0.0, "percent_covered_display": "0", "missing_lines": 3, "excluded_lines": 0}, "missing_lines": [142, 143, 144], "excluded_lines": []}, "AuthMiddleware.__call__": {"executed_lines": [], "summary": {"covered_lines": 0, "num_statements": 30, "percent_covered": 0.0, "percent_covered_display": "0", "missing_lines": 30, "excluded_lines": 0}, "missing_lines": [148, 149, 150, 152, 153, 156, 157, 158, 161, 162, 165, 166, 167, 168, 169, 172, 173, 174, 175, 176, 179, 180, 183, 185, 186, 187, 188, 189, 192, 195], "excluded_lines": []}, "MCPServer.__init__": {"executed_lines": [219, 220, 222, 223, 226, 229, 232, 233, 235], "summary": {"covered_lines": 9, "num_statements": 9, "percent_covered": 100.0, "percent_covered_display": "100", "missing_lines": 0, "excluded_lines": 0}, "missing_lines": [], "excluded_lines": []}, "MCPServer._get_tool_timeout": {"executed_lines": [239, 246, 247, 248, 249], "summary": {"covered_lines": 5, "num_statements": 8, "percent_covered": 62.5, "percent_covered_display": "62", "missing_lines": 3, "excluded_lines": 0}, "missing_lines": [250, 251, 252], "excluded_lines": []}, "MCPServer._setup_artifact_store": {"executed_lines": [256, 257, 258, 259, 262, 263, 270, 272, 273, 276, 277, 278], "summary": {"covered_lines": 12, "num_statements": 16, "percent_covered": 75.0, "percent_covered_display": "75", "missing_lines": 4, "excluded_lines": 0}, "missing_lines": [280, 281, 282, 283], "excluded_lines": []}, "MCPServer._import_tools_registry": {"executed_lines": [], "summary": {"covered_lines": 0, "num_statements": 12, "percent_covered": 0.0, "percent_covered_display": "0", "missing_lines": 12, "excluded_lines": 0}, "missing_lines": [287, 290, 292, 293, 294, 295, 296, 297, 298, 299, 301, 302], "excluded_lines": []}, "MCPServer._inject_session_context": {"executed_lines": [306], "summary": {"covered_lines": 1, "num_statements": 1, "percent_covered": 100.0, "percent_covered_display": "100", "missing_lines": 0, "excluded_lines": 0}, "missing_lines": [], "excluded_lines": []}, "MCPServer._execute_tool_with_timeout": {"executed_lines": [317, 320, 337, 338, 339, 340], "summary": {"covered_lines": 6, "num_statements": 11, "percent_covered": 54.54545454545455, "percent_covered_display": "55", "missing_lines": 5, "excluded_lines": 0}, "missing_lines": [321, 322, 324, 334, 341], "excluded_lines": []}, "MCPServer._execute_tool_with_timeout._wrapper": {"executed_lines": [], "summary": {"covered_lines": 0, "num_statements": 6, "percent_covered": 0.0, "percent_covered_display": "0", "missing_lines": 6, "excluded_lines": 0}, "missing_lines": [326, 327, 328, 329, 330, 332], "excluded_lines": []}, "MCPServer.serve": {"executed_lines": [345, 347, 350, 351, 353, 356, 357, 393, 394, 564, 565, 567, 568, 569, 570], "summary": {"covered_lines": 15, "num_statements": 56, "percent_covered": 26.785714285714285, "percent_covered_display": "27", "missing_lines": 41, "excluded_lines": 0}, "missing_lines": [348, 572, 573, 574, 575, 580, 582, 583, 586, 587, 589, 590, 592, 606, 612, 616, 617, 620, 621, 622, 623, 624, 625, 627, 630, 637, 640, 641, 643, 644, 646, 647, 648, 649, 650, 651, 653, 655, 670, 676, 680], "excluded_lines": []}, "MCPServer.serve.list_tools": {"executed_lines": [], "summary": {"covered_lines": 0, "num_statements": 20, "percent_covered": 0.0, "percent_covered_display": "0", "missing_lines": 20, "excluded_lines": 0}, "missing_lines": [359, 360, 362, 363, 364, 365, 366, 369, 370, 371, 373, 379, 381, 382, 383, 385, 386, 388, 389, 390], "excluded_lines": []}, "MCPServer.serve.call_tool": {"executed_lines": [398, 400, 401, 402, 403, 405, 413, 416, 417, 418, 423, 426, 427, 429, 430, 433, 434, 435, 437, 445, 454, 457, 462, 468, 470, 471, 474, 528, 531, 532, 535, 548, 552, 555, 557, 558, 559], "summary": {"covered_lines": 37, "num_statements": 64, "percent_covered": 57.8125, "percent_covered_display": "58", "missing_lines": 27, "excluded_lines": 0}, "missing_lines": [406, 424, 439, 440, 442, 475, 480, 481, 483, 484, 485, 486, 492, 493, 494, 495, 496, 497, 501, 508, 519, 520, 525, 540, 541, 551, 553], "excluded_lines": []}, "MCPServer.register_tool": {"executed_lines": [], "summary": {"covered_lines": 0, "num_statements": 5, "percent_covered": 0.0, "percent_covered_display": "0", "missing_lines": 5, "excluded_lines": 0}, "missing_lines": [688, 689, 690, 691, 692], "excluded_lines": []}, "MCPServer.get_tool_names": {"executed_lines": [], "summary": {"covered_lines": 0, "num_statements": 1, "percent_covered": 0.0, "percent_covered_display": "0", "missing_lines": 1, "excluded_lines": 0}, "missing_lines": [696], "excluded_lines": []}, "MCPServer.get_session_manager": {"executed_lines": [], "summary": {"covered_lines": 0, "num_statements": 1, "percent_covered": 0.0, "percent_covered_display": "0", "missing_lines": 1, "excluded_lines": 0}, "missing_lines": [701], "excluded_lines": []}, "MCPServer.create_user_session": {"executed_lines": [], "summary": {"covered_lines": 0, "num_statements": 1, "percent_covered": 0.0, "percent_covered_display": "0", "missing_lines": 1, "excluded_lines": 0}, "missing_lines": [707], "excluded_lines": []}, "MCPServer.get_artifact_store": {"executed_lines": [], "summary": {"covered_lines": 0, "num_statements": 1, "percent_covered": 0.0, "percent_covered_display": "0", "missing_lines": 1, "excluded_lines": 0}, "missing_lines": [711], "excluded_lines": []}, "MCPServer.close": {"executed_lines": [], "summary": {"covered_lines": 0, "num_statements": 5, "percent_covered": 0.0, "percent_covered_display": "0", "missing_lines": 5, "excluded_lines": 0}, "missing_lines": [715, 716, 717, 718, 719], "excluded_lines": []}, "": {"executed_lines": [2, 13, 15, 16, 17, 18, 19, 20, 21, 22, 23, 28, 30, 33, 34, 35, 36, 37, 38, 39, 40, 41, 42, 43, 44, 45, 47, 51, 52, 53, 54, 55, 59, 71, 133, 134, 136, 146, 202, 211, 212, 214, 237, 254, 285, 304, 308, 343, 686, 694, 699, 703, 709, 713], "summary": {"covered_lines": 51, "num_statements": 51, "percent_covered": 100.0, "percent_covered_display": "100", "missing_lines": 0, "excluded_lines": 0}, "missing_lines": [], "excluded_lines": []}}, "classes": {"AuthMiddleware": {"executed_lines": [], "summary": {"covered_lines": 0, "num_statements": 33, "percent_covered": 0.0, "percent_covered_display": "0", "missing_lines": 33, "excluded_lines": 0}, "missing_lines": [142, 143, 144, 148, 149, 150, 152, 153, 156, 157, 158, 161, 162, 165, 166, 167, 168, 169, 172, 173, 174, 175, 176, 179, 180, 183, 185, 186, 187, 188, 189, 192, 195], "excluded_lines": []}, "MCPServer": {"executed_lines": [219, 220, 222, 223, 226, 229, 232, 233, 235, 239, 246, 247, 248, 249, 256, 257, 258, 259, 262, 263, 270, 272, 273, 276, 277, 278, 306, 317, 320, 337, 338, 339, 340, 345, 347, 350, 351, 353, 356, 357, 393, 394, 398, 400, 401, 402, 403, 405, 413, 416, 417, 418, 423, 426, 427, 429, 430, 433, 434, 435, 437, 445, 454, 457, 462, 468, 470, 471, 474, 528, 531, 532, 535, 548, 552, 555, 557, 558, 559, 564, 565, 567, 568, 569, 570], "summary": {"covered_lines": 85, "num_statements": 217, "percent_covered": 39.1705069124424, "percent_covered_display": "39", "missing_lines": 132, "excluded_lines": 0}, "missing_lines": [250, 251, 252, 280, 281, 282, 283, 287, 290, 292, 293, 294, 295, 296, 297, 298, 299, 301, 302, 321, 322, 324, 326, 327, 328, 329, 330, 332, 334, 341, 348, 359, 360, 362, 363, 364, 365, 366, 369, 370, 371, 373, 379, 381, 382, 383, 385, 386, 388, 389, 390, 406, 424, 439, 440, 442, 475, 480, 481, 483, 484, 485, 486, 492, 493, 494, 495, 496, 497, 501, 508, 519, 520, 525, 540, 541, 551, 553, 572, 573, 574, 575, 580, 582, 583, 586, 587, 589, 590, 592, 606, 612, 616, 617, 620, 621, 622, 623, 624, 625, 627, 630, 637, 640, 641, 643, 644, 646, 647, 648, 649, 650, 651, 653, 655, 670, 676, 680, 688, 689, 690, 691, 692, 696, 701, 707, 711, 715, 716, 717, 718, 719], "excluded_lines": []}, "": {"executed_lines": [2, 13, 15, 16, 17, 18, 19, 20, 21, 22, 23, 28, 30, 33, 34, 35, 36, 37, 38, 39, 40, 41, 42, 43, 44, 45, 47, 51, 52, 53, 54, 55, 59, 71, 78, 79, 82, 83, 86, 88, 89, 91, 92, 95, 96, 99, 101, 102, 104, 105, 107, 110, 111, 112, 113, 118, 124, 133, 134, 136, 146, 202, 211, 212, 214, 237, 254, 285, 304, 308, 343, 686, 694, 699, 703, 709, 713], "summary": {"covered_lines": 74, "num_statements": 79, "percent_covered": 93.67088607594937, "percent_covered_display": "94", "missing_lines": 5, "excluded_lines": 0}, "missing_lines": [94, 116, 119, 121, 127], "excluded_lines": []}}}, "src/chuk_mcp_runtime/server/server_registry.py": {"executed_lines": [2, 9, 10, 11, 12, 14, 17, 20, 21, 23, 31, 32, 35, 37, 38, 39, 41, 50, 51, 54, 55, 56, 58, 60, 64, 65, 66, 67, 68, 70, 73, 76, 77, 80, 81, 82, 84, 88, 91, 92, 94, 95, 99, 101, 132, 148, 149, 152, 153, 155, 156, 160, 163, 164, 165, 166, 167, 169, 218], "summary": {"covered_lines": 57, "num_statements": 91, "percent_covered": 62.637362637362635, "percent_covered_display": "63", "missing_lines": 34, "excluded_lines": 0}, "missing_lines": [61, 71, 85, 89, 112, 116, 117, 119, 120, 121, 124, 150, 177, 180, 181, 182, 183, 184, 187, 188, 189, 192, 193, 199, 202, 203, 205, 207, 208, 210, 213, 214, 216, 225], "excluded_lines": [], "functions": {"ServerRegistry.__init__": {"executed_lines": [31, 32, 35, 37, 38, 39], "summary": {"covered_lines": 6, "num_statements": 6, "percent_covered": 100.0, "percent_covered_display": "100", "missing_lines": 0, "excluded_lines": 0}, "missing_lines": [], "excluded_lines": []}, "ServerRegistry._setup_server_paths": {"executed_lines": [50, 51, 54, 55, 56, 58, 60, 64, 65, 66, 67, 68, 70, 73, 76, 77, 80, 81, 82, 84, 88, 91, 92, 94, 95, 99], "summary": {"covered_lines": 26, "num_statements": 30, "percent_covered": 86.66666666666667, "percent_covered_display": "87", "missing_lines": 4, "excluded_lines": 0}, "missing_lines": [61, 71, 85, 89], "excluded_lines": []}, "ServerRegistry._auto_discover_servers": {"executed_lines": [], "summary": {"covered_lines": 0, "num_statements": 7, "percent_covered": 0.0, "percent_covered_display": "0", "missing_lines": 7, "excluded_lines": 0}, "missing_lines": [112, 116, 117, 119, 120, 121, 124], "excluded_lines": []}, "ServerRegistry._add_component": {"executed_lines": [148, 149, 152, 153, 155, 156], "summary": {"covered_lines": 6, "num_statements": 7, "percent_covered": 85.71428571428571, "percent_covered_display": "86", "missing_lines": 1, "excluded_lines": 0}, "missing_lines": [150], "excluded_lines": []}, "ServerRegistry._setup_python_paths": {"executed_lines": [163, 164, 165, 166, 167], "summary": {"covered_lines": 5, "num_statements": 5, "percent_covered": 100.0, "percent_covered_display": "100", "missing_lines": 0, "excluded_lines": 0}, "missing_lines": [], "excluded_lines": []}, "ServerRegistry.load_server_components": {"executed_lines": [], "summary": {"covered_lines": 0, "num_statements": 21, "percent_covered": 0.0, "percent_covered_display": "0", "missing_lines": 21, "excluded_lines": 0}, "missing_lines": [177, 180, 181, 182, 183, 184, 187, 188, 189, 192, 193, 199, 202, 203, 205, 207, 208, 210, 213, 214, 216], "excluded_lines": []}, "ServerRegistry.get_loaded_modules": {"executed_lines": [], "summary": {"covered_lines": 0, "num_statements": 1, "percent_covered": 0.0, "percent_covered_display": "0", "missing_lines": 1, "excluded_lines": 0}, "missing_lines": [225], "excluded_lines": []}, "": {"executed_lines": [2, 9, 10, 11, 12, 14, 17, 20, 21, 23, 41, 101, 132, 160, 169, 218], "summary": {"covered_lines": 14, "num_statements": 14, "percent_covered": 100.0, "percent_covered_display": "100", "missing_lines": 0, "excluded_lines": 0}, "missing_lines": [], "excluded_lines": []}}, "classes": {"ServerRegistry": {"executed_lines": [31, 32, 35, 37, 38, 39, 50, 51, 54, 55, 56, 58, 60, 64, 65, 66, 67, 68, 70, 73, 76, 77, 80, 81, 82, 84, 88, 91, 92, 94, 95, 99, 148, 149, 152, 153, 155, 156, 163, 164, 165, 166, 167], "summary": {"covered_lines": 43, "num_statements": 77, "percent_covered": 55.84415584415584, "percent_covered_display": "56", "missing_lines": 34, "excluded_lines": 0}, "missing_lines": [61, 71, 85, 89, 112, 116, 117, 119, 120, 121, 124, 150, 177, 180, 181, 182, 183, 184, 187, 188, 189, 192, 193, 199, 202, 203, 205, 207, 208, 210, 213, 214, 216, 225], "excluded_lines": []}, "": {"executed_lines": [2, 9, 10, 11, 12, 14, 17, 20, 21, 23, 41, 101, 132, 160, 169, 218], "summary": {"covered_lines": 14, "num_statements": 14, "percent_covered": 100.0, "percent_covered_display": "100", "missing_lines": 0, "excluded_lines": 0}, "missing_lines": [], "excluded_lines": []}}}, "src/chuk_mcp_runtime/session/__init__.py": {"executed_lines": [2, 23, 44, 64], "summary": {"covered_lines": 3, "num_statements": 3, "percent_covered": 100.0, "percent_covered_display": "100", "missing_lines": 0, "excluded_lines": 0}, "missing_lines": [], "excluded_lines": [], "functions": {"": {"executed_lines": [2, 23, 44, 64], "summary": {"covered_lines": 3, "num_statements": 3, "percent_covered": 100.0, "percent_covered_display": "100", "missing_lines": 0, "excluded_lines": 0}, "missing_lines": [], "excluded_lines": []}}, "classes": {"": {"executed_lines": [2, 23, 44, 64], "summary": {"covered_lines": 3, "num_statements": 3, "percent_covered": 100.0, "percent_covered_display": "100", "missing_lines": 0, "excluded_lines": 0}, "missing_lines": [], "excluded_lines": []}}}, "src/chuk_mcp_runtime/session/session_management.py": {"executed_lines": [2, 19, 21, 46, 93, 120, 140], "summary": {"covered_lines": 6, "num_statements": 20, "percent_covered": 30.0, "percent_covered_display": "30", "missing_lines": 14, "excluded_lines": 0}, "missing_lines": [67, 68, 69, 72, 75, 76, 77, 79, 81, 84, 85, 86, 89, 132], "excluded_lines": [], "functions": {"validate_session_parameter": {"executed_lines": [], "summary": {"covered_lines": 0, "num_statements": 13, "percent_covered": 0.0, "percent_covered_display": "0", "missing_lines": 13, "excluded_lines": 0}, "missing_lines": [67, 68, 69, 72, 75, 76, 77, 79, 81, 84, 85, 86, 89], "excluded_lines": []}, "create_session_manager": {"executed_lines": [], "summary": {"covered_lines": 0, "num_statements": 1, "percent_covered": 0.0, "percent_covered_display": "0", "missing_lines": 1, "excluded_lines": 0}, "missing_lines": [132], "excluded_lines": []}, "": {"executed_lines": [2, 19, 21, 46, 93, 120, 140], "summary": {"covered_lines": 6, "num_statements": 6, "percent_covered": 100.0, "percent_covered_display": "100", "missing_lines": 0, "excluded_lines": 0}, "missing_lines": [], "excluded_lines": []}}, "classes": {"": {"executed_lines": [2, 19, 21, 46, 93, 120, 140], "summary": {"covered_lines": 6, "num_statements": 20, "percent_covered": 30.0, "percent_covered_display": "30", "missing_lines": 14, "excluded_lines": 0}, "missing_lines": [67, 68, 69, 72, 75, 76, 77, 79, 81, 84, 85, 86, 89, 132], "excluded_lines": []}}}}, "totals": {"covered_lines": 849, "num_statements": 1261, "percent_covered": 67.32751784298176, "percent_covered_display": "67", "missing_lines": 412, "excluded_lines": 2}}